ApplicationModeling1/app/build/intermediates/manifest_merge_blame_file/debug/manifest-merger-blame-debug-report.txt
1<?xml version="1.0" encoding="utf-8"?>
2<manifest xmlns:android="http://schemas.android.com/apk/res/android"
3    package="edu.mit.application_modeling"
4    android:versionCode="1"
5    android:versionName="1.0" >
6
7    <uses-sdk
7-->src\main\AndroidManifest.xml:7:5-47
8        android:minSdkVersion="19"
8-->src\main\AndroidManifest.xml:7:5-47
9        android:targetSdkVersion="19" />
9-->src\main\AndroidManifest.xml:7:15-44
10
11    <uses-permission android:name="android.permission.READ_PHONE_STATE" />
11-->src\main\AndroidManifest.xml:32:5-75
11-->src\main\AndroidManifest.xml:32:22-72
12
13    <application
13-->src\main\AndroidManifest.xml:9:5-30:19
14        android:name="edu.mit.application_modeling.MyApplication"
14-->src\main\AndroidManifest.xml:10:2-31
15        android:allowBackup="true"
15-->src\main\AndroidManifest.xml:11:9-35
16        android:debuggable="true"
17        android:icon="@drawable/ic_launcher"
17-->src\main\AndroidManifest.xml:12:9-45
18        android:label="@string/app_name"
18-->src\main\AndroidManifest.xml:13:9-41
19        android:theme="@style/AppTheme" >
19-->src\main\AndroidManifest.xml:14:9-40
20        <activity
20-->src\main\AndroidManifest.xml:15:9-22:20
21            android:name="edu.mit.application_modeling.MainActivity"
21-->src\main\AndroidManifest.xml:16:13-41
22            android:label="@string/app_name" >
22-->src\main\AndroidManifest.xml:17:13-45
23            <intent-filter>
23-->src\main\AndroidManifest.xml:18:13-21:29
24                <action android:name="android.intent.action.MAIN" />
24-->src\main\AndroidManifest.xml:19:17-69
24-->src\main\AndroidManifest.xml:19:25-66
25
26                <category android:name="android.intent.category.LAUNCHER" />
26-->src\main\AndroidManifest.xml:20:17-77
26-->src\main\AndroidManifest.xml:20:27-74
27            </intent-filter>
28        </activity>
29        <activity
29-->src\main\AndroidManifest.xml:24:9-27:20
30            android:name="edu.mit.application_modeling.AnotherActivity"
30-->src\main\AndroidManifest.xml:25:13-44
31            android:label="@string/app_name" >
31-->src\main\AndroidManifest.xml:26:13-45
32        </activity>
33    </application>
34
35</manifest>